  Compiling CUDA source file kernel.cu...
  
  c:\Users\manna\OneDrive\documents\visual studio 2015\Projects\Matrix_mult\Matrix_mult>"C:\Program Files\NVIDIA GPU Computing Toolkit\CUDA\v8.0\bin\nvcc.exe" -gencode=arch=compute_20,code=\"sm_20,compute_20\" --use-local-env --cl-version 2015 -ccbin "C:\Program Files (x86)\Microsoft Visual Studio 14.0\VC\bin"  -I"C:\Program Files\NVIDIA GPU Computing Toolkit\CUDA\v8.0\include" -I"C:\Program Files\NVIDIA GPU Computing Toolkit\CUDA\v8.0\include"  -G   --keep-dir Debug -maxrregcount=0  --machine 32 --compile -cudart static  -g   -DWIN32 -D_DEBUG -D_CONSOLE -D_MBCS -Xcompiler "/EHsc /W3 /nologo /Od /FS /Zi /RTC1 /MDd " -o Debug\kernel.cu.obj "c:\Users\manna\OneDrive\documents\visual studio 2015\Projects\Matrix_mult\Matrix_mult\kernel.cu" 
c:/Users/manna/OneDrive/documents/visual studio 2015/Projects/Matrix_mult/Matrix_mult/kernel.cu(59): warning : transfer of control bypasses initialization of:
c:/Users/manna/OneDrive/documents/visual studio 2015/Projects/Matrix_mult/Matrix_mult/kernel.cu(68): warning : transfer of control bypasses initialization of:
c:/Users/manna/OneDrive/documents/visual studio 2015/Projects/Matrix_mult/Matrix_mult/kernel.cu(74): warning : transfer of control bypasses initialization of:
c:/Users/manna/OneDrive/documents/visual studio 2015/Projects/Matrix_mult/Matrix_mult/kernel.cu(80): warning : transfer of control bypasses initialization of:
c:/Users/manna/OneDrive/documents/visual studio 2015/Projects/Matrix_mult/Matrix_mult/kernel.cu(87): warning : transfer of control bypasses initialization of:
c:/Users/manna/OneDrive/documents/visual studio 2015/Projects/Matrix_mult/Matrix_mult/kernel.cu(93): warning : transfer of control bypasses initialization of:
c:/Users/manna/OneDrive/documents/visual studio 2015/Projects/Matrix_mult/Matrix_mult/kernel.cu(109): warning : transfer of control bypasses initialization of:
c:/Users/manna/OneDrive/documents/visual studio 2015/Projects/Matrix_mult/Matrix_mult/kernel.cu(118): warning : transfer of control bypasses initialization of:
c:/Users/manna/OneDrive/documents/visual studio 2015/Projects/Matrix_mult/Matrix_mult/kernel.cu(59): warning : transfer of control bypasses initialization of:
c:/Users/manna/OneDrive/documents/visual studio 2015/Projects/Matrix_mult/Matrix_mult/kernel.cu(68): warning : transfer of control bypasses initialization of:
c:/Users/manna/OneDrive/documents/visual studio 2015/Projects/Matrix_mult/Matrix_mult/kernel.cu(74): warning : transfer of control bypasses initialization of:
c:/Users/manna/OneDrive/documents/visual studio 2015/Projects/Matrix_mult/Matrix_mult/kernel.cu(80): warning : transfer of control bypasses initialization of:
c:/Users/manna/OneDrive/documents/visual studio 2015/Projects/Matrix_mult/Matrix_mult/kernel.cu(87): warning : transfer of control bypasses initialization of:
c:/Users/manna/OneDrive/documents/visual studio 2015/Projects/Matrix_mult/Matrix_mult/kernel.cu(93): warning : transfer of control bypasses initialization of:
c:/Users/manna/OneDrive/documents/visual studio 2015/Projects/Matrix_mult/Matrix_mult/kernel.cu(109): warning : transfer of control bypasses initialization of:
c:/Users/manna/OneDrive/documents/visual studio 2015/Projects/Matrix_mult/Matrix_mult/kernel.cu(118): warning : transfer of control bypasses initialization of:
CUDACOMPILE : nvcc warning : The 'compute_20', 'sm_20', and 'sm_21' architectures are deprecated, and may be removed in a future release (Use -Wno-deprecated-gpu-targets to suppress warning).
  kernel.cu
c:/Users/manna/OneDrive/documents/visual studio 2015/Projects/Matrix_mult/Matrix_mult/kernel.cu(25): warning C4244: '=': conversion from 'double' to 'float', possible loss of data
c:/Users/manna/OneDrive/documents/visual studio 2015/Projects/Matrix_mult/Matrix_mult/kernel.cu(28): warning C4244: '=': conversion from 'double' to 'float', possible loss of data
c:/Users/manna/OneDrive/documents/visual studio 2015/Projects/Matrix_mult/Matrix_mult/kernel.cu(139): warning C4533: initialization of 't2' is skipped by 'goto Error'
  c:/Users/manna/OneDrive/documents/visual studio 2015/Projects/Matrix_mult/Matrix_mult/kernel.cu(123): note: see declaration of 't2'
  c:/Users/manna/OneDrive/documents/visual studio 2015/Projects/Matrix_mult/Matrix_mult/kernel.cu(139): note: see declaration of 'Error'
c:/Users/manna/OneDrive/documents/visual studio 2015/Projects/Matrix_mult/Matrix_mult/kernel.cu(139): warning C4533: initialization of 't1' is skipped by 'goto Error'
  c:/Users/manna/OneDrive/documents/visual studio 2015/Projects/Matrix_mult/Matrix_mult/kernel.cu(101): note: see declaration of 't1'
  c:/Users/manna/OneDrive/documents/visual studio 2015/Projects/Matrix_mult/Matrix_mult/kernel.cu(139): note: see declaration of 'Error'
  Matrix_mult.vcxproj -> c:\users\manna\onedrive\documents\visual studio 2015\Projects\Matrix_mult\Debug\Matrix_mult.exe
  Matrix_mult.vcxproj -> c:\users\manna\onedrive\documents\visual studio 2015\Projects\Matrix_mult\Debug\Matrix_mult.pdb (Full PDB)
  copy "C:\Program Files\NVIDIA GPU Computing Toolkit\CUDA\v8.0\bin\cudart*.dll" "c:\users\manna\onedrive\documents\visual studio 2015\Projects\Matrix_mult\Debug\"
  C:\Program Files\NVIDIA GPU Computing Toolkit\CUDA\v8.0\bin\cudart32_80.dll
  C:\Program Files\NVIDIA GPU Computing Toolkit\CUDA\v8.0\bin\cudart64_80.dll
          2 file(s) copied.
